2017-02-14 15:06:47,435 INFO [restartedMain] cn.hkfdt.xiaot.Application [StartupInfoLogger.java:48] Starting Application on DESKTOP-EJEPIQ1 with PID 2084 (E:\projects\xiaoT\target\classes started by whyse in E:\projects\xiaoT)
2017-02-14 15:06:47,468 INFO [restartedMain] cn.hkfdt.xiaot.Application [SpringApplication.java:665] The following profiles are active: test
2017-02-14 15:06:50,988 INFO [restartedMain] org.apache.catalina.core.StandardService [DirectJDKLog.java:179] Starting service Tomcat
2017-02-14 15:06:50,991 INFO [restartedMain] org.apache.catalina.core.StandardEngine [DirectJDKLog.java:179] Starting Servlet Engine: Apache Tomcat/8.5.6
2017-02-14 15:06:51,222 INFO [localhost-startStop-1] o.a.c.core.ContainerBase.[Tomcat].[localhost].[/] [DirectJDKLog.java:179] Initializing Spring embedded WebApplicationContext
2017-02-14 15:06:56,301 INFO [restartedMain] cn.hkfdt.xiaot.Application [StartupInfoLogger.java:57] Started Application in 9.936 seconds (JVM running for 10.767)
2017-02-14 15:06:56,302 INFO [restartedMain] cn.hkfdt.xiaot.Application [Application.java:32] ============= SpringBoot Start Success =============
2017-02-14 15:08:46,692 INFO [restartedMain] cn.hkfdt.xiaot.Application [StartupInfoLogger.java:48] Starting Application on DESKTOP-EJEPIQ1 with PID 12580 (E:\projects\xiaoT\target\classes started by whyse in E:\projects\xiaoT)
2017-02-14 15:08:46,703 INFO [restartedMain] cn.hkfdt.xiaot.Application [SpringApplication.java:665] The following profiles are active: test
2017-02-14 15:08:53,220 INFO [restartedMain] org.apache.catalina.core.StandardService [DirectJDKLog.java:179] Starting service Tomcat
2017-02-14 15:08:53,231 INFO [restartedMain] org.apache.catalina.core.StandardEngine [DirectJDKLog.java:179] Starting Servlet Engine: Apache Tomcat/8.5.6
2017-02-14 15:08:53,459 INFO [localhost-startStop-1] o.a.c.core.ContainerBase.[Tomcat].[localhost].[/] [DirectJDKLog.java:179] Initializing Spring embedded WebApplicationContext
2017-02-14 15:09:01,630 INFO [restartedMain] cn.hkfdt.xiaot.Application [StartupInfoLogger.java:57] Started Application in 16.202 seconds (JVM running for 17.319)
2017-02-14 15:09:01,638 INFO [restartedMain] cn.hkfdt.xiaot.Application [Application.java:32] ============= SpringBoot Start Success =============
2017-02-14 15:09:16,159 INFO [http-nio-8080-exec-1] o.a.c.core.ContainerBase.[Tomcat].[localhost].[/] [DirectJDKLog.java:179] Initializing Spring FrameworkServlet 'dispatcherServlet'
2017-02-14 15:09:26,803 INFO [http-nio-8080-exec-1] cn.hkfdt.xiaot.web.xiaot.web.test.TestController [TestController.java:51] cn.hkfdt.xiaot.mybatis.model.fxchina.SystemSettings@34f86e67
2017-02-14 15:37:32,735 INFO [restartedMain] cn.hkfdt.xiaot.Application [StartupInfoLogger.java:48] Starting Application on DESKTOP-EJEPIQ1 with PID 19320 (E:\projects\xiaoT\target\classes started by whyse in E:\projects\xiaoT)
2017-02-14 15:37:32,744 INFO [restartedMain] cn.hkfdt.xiaot.Application [SpringApplication.java:665] The following profiles are active: test
2017-02-14 15:37:37,494 INFO [restartedMain] org.apache.catalina.core.StandardService [DirectJDKLog.java:179] Starting service Tomcat
2017-02-14 15:37:37,496 INFO [restartedMain] org.apache.catalina.core.StandardEngine [DirectJDKLog.java:179] Starting Servlet Engine: Apache Tomcat/8.5.6
2017-02-14 15:37:37,708 INFO [localhost-startStop-1] o.a.c.core.ContainerBase.[Tomcat].[localhost].[/] [DirectJDKLog.java:179] Initializing Spring embedded WebApplicationContext
2017-02-14 15:37:44,650 INFO [restartedMain] cn.hkfdt.xiaot.Application [StartupInfoLogger.java:57] Started Application in 13.7 seconds (JVM running for 14.853)
2017-02-14 15:37:44,652 INFO [restartedMain] cn.hkfdt.xiaot.Application [Application.java:32] ============= SpringBoot Start Success =============
2017-02-14 15:38:23,447 INFO [http-nio-8080-exec-1] o.a.c.core.ContainerBase.[Tomcat].[localhost].[/] [DirectJDKLog.java:179] Initializing Spring FrameworkServlet 'dispatcherServlet'
2017-02-14 15:38:23,749 ERROR [http-nio-8080-exec-1] freemarker.runtime [_Log4jLoggerFactory.java:59] Error executing FreeMarker template
freemarker.core.InvalidReferenceException: The following has evaluated to null or missing:
==> lib_version  [in template "xiaot/index.ftl" at line 8, column 75]

----
Tip: If the failing expression is known to be legally refer to something that's sometimes null or missing, either specify a default value like myOptionalVar!myDefault, or use <#if myOptionalVar??>when-present<#else>when-missing</#if>. (These only cover the last step of the expression; to cover the whole expression, use parenthesis: (myOptionalVar.foo)!myDefault, (myOptionalVar.foo)??
----

----
FTL stack trace ("~" means nesting-related):
	- Failed at: ${lib_version}  [in template "xiaot/index.ftl" at line 8, column 73]
----
	at freemarker.core.InvalidReferenceException.getInstance(InvalidReferenceException.java:134)
	at freemarker.core.EvalUtil.coerceModelToTextualCommon(EvalUtil.java:451)
	at freemarker.core.EvalUtil.coerceModelToStringOrMarkup(EvalUtil.java:374)
	at freemarker.core.DollarVariable.calculateInterpolatedStringOrMarkup(DollarVariable.java:96)
	at freemarker.core.DollarVariable.accept(DollarVariable.java:59)
	at freemarker.core.Environment.visit(Environment.java:327)
	at freemarker.core.Environment.visit(Environment.java:333)
	at freemarker.core.Environment.process(Environment.java:306)
	at freemarker.template.Template.process(Template.java:386)
	at org.springframework.web.servlet.view.freemarker.FreeMarkerView.processTemplate(FreeMarkerView.java:367)
	at org.springframework.web.servlet.view.freemarker.FreeMarkerView.doRender(FreeMarkerView.java:284)
	at org.springframework.web.servlet.view.freemarker.FreeMarkerView.renderMergedTemplateModel(FreeMarkerView.java:234)
	at org.springframework.web.servlet.view.AbstractTemplateView.renderMergedOutputModel(AbstractTemplateView.java:167)
	at org.springframework.web.servlet.view.AbstractView.render(AbstractView.java:303)
	at org.springframework.web.servlet.DispatcherServlet.render(DispatcherServlet.java:1257)
	at org.springframework.web.servlet.DispatcherServlet.processDispatchResult(DispatcherServlet.java:1037)
	at org.springframework.web.servlet.DispatcherServlet.doDispatch(DispatcherServlet.java:980)
	at org.springframework.web.servlet.DispatcherServlet.doService(DispatcherServlet.java:897)
	at org.springframework.web.servlet.FrameworkServlet.processRequest(FrameworkServlet.java:970)
	at org.springframework.web.servlet.FrameworkServlet.doGet(FrameworkServlet.java:861)
	at javax.servlet.http.HttpServlet.service(HttpServlet.java:622)
	at org.springframework.web.servlet.FrameworkServlet.service(FrameworkServlet.java:846)
	at javax.servlet.http.HttpServlet.service(HttpServlet.java:729)
	at org.apache.catalina.core.ApplicationFilterChain.internalDoFilter(ApplicationFilterChain.java:230)
	at org.apache.catalina.core.ApplicationFilterChain.doFilter(ApplicationFilterChain.java:165)
	at org.apache.tomcat.websocket.server.WsFilter.doFilter(WsFilter.java:52)
	at org.apache.catalina.core.ApplicationFilterChain.internalDoFilter(ApplicationFilterChain.java:192)
	at org.apache.catalina.core.ApplicationFilterChain.doFilter(ApplicationFilterChain.java:165)
	at cn.hkfdt.xiaot.web.Filters.LoginFilter.doFilter(LoginFilter.java:56)
	at org.apache.catalina.core.ApplicationFilterChain.internalDoFilter(ApplicationFilterChain.java:192)
	at org.apache.catalina.core.ApplicationFilterChain.doFilter(ApplicationFilterChain.java:165)
	at cn.hkfdt.xiaot.web.Filters.DeviceFilter.doFilter(DeviceFilter.java:59)
	at org.apache.catalina.core.ApplicationFilterChain.internalDoFilter(ApplicationFilterChain.java:192)
	at org.apache.catalina.core.ApplicationFilterChain.doFilter(ApplicationFilterChain.java:165)
	at org.springframework.web.filter.RequestContextFilter.doFilterInternal(RequestContextFilter.java:99)
	at org.springframework.web.filter.OncePerRequestFilter.doFilter(OncePerRequestFilter.java:107)
	at org.apache.catalina.core.ApplicationFilterChain.internalDoFilter(ApplicationFilterChain.java:192)
	at org.apache.catalina.core.ApplicationFilterChain.doFilter(ApplicationFilterChain.java:165)
	at org.springframework.web.filter.HttpPutFormContentFilter.doFilterInternal(HttpPutFormContentFilter.java:89)
	at org.springframework.web.filter.OncePerRequestFilter.doFilter(OncePerRequestFilter.java:107)
	at org.apache.catalina.core.ApplicationFilterChain.internalDoFilter(ApplicationFilterChain.java:192)
	at org.apache.catalina.core.ApplicationFilterChain.doFilter(ApplicationFilterChain.java:165)
	at org.springframework.web.filter.HiddenHttpMethodFilter.doFilterInternal(HiddenHttpMethodFilter.java:77)
	at org.springframework.web.filter.OncePerRequestFilter.doFilter(OncePerRequestFilter.java:107)
	at org.apache.catalina.core.ApplicationFilterChain.internalDoFilter(ApplicationFilterChain.java:192)
	at org.apache.catalina.core.ApplicationFilterChain.doFilter(ApplicationFilterChain.java:165)
	at org.springframework.web.filter.CharacterEncodingFilter.doFilterInternal(CharacterEncodingFilter.java:197)
	at org.springframework.web.filter.OncePerRequestFilter.doFilter(OncePerRequestFilter.java:107)
	at org.apache.catalina.core.ApplicationFilterChain.internalDoFilter(ApplicationFilterChain.java:192)
	at org.apache.catalina.core.ApplicationFilterChain.doFilter(ApplicationFilterChain.java:165)
	at org.apache.catalina.core.StandardWrapperValve.invoke(StandardWrapperValve.java:198)
	at org.apache.catalina.core.StandardContextValve.invoke(StandardContextValve.java:108)
	at org.apache.catalina.authenticator.AuthenticatorBase.invoke(AuthenticatorBase.java:472)
	at org.apache.catalina.core.StandardHostValve.invoke(StandardHostValve.java:140)
	at org.apache.catalina.valves.ErrorReportValve.invoke(ErrorReportValve.java:79)
	at org.apache.catalina.core.StandardEngineValve.invoke(StandardEngineValve.java:87)
	at org.apache.catalina.connector.CoyoteAdapter.service(CoyoteAdapter.java:349)
	at org.apache.coyote.http11.Http11Processor.service(Http11Processor.java:784)
	at org.apache.coyote.AbstractProcessorLight.process(AbstractProcessorLight.java:66)
	at org.apache.coyote.AbstractProtocol$ConnectionHandler.process(AbstractProtocol.java:802)
	at org.apache.tomcat.util.net.NioEndpoint$SocketProcessor.doRun(NioEndpoint.java:1410)
	at org.apache.tomcat.util.net.SocketProcessorBase.run(SocketProcessorBase.java:49)
	at java.util.concurrent.ThreadPoolExecutor.runWorker(ThreadPoolExecutor.java:1142)
	at java.util.concurrent.ThreadPoolExecutor$Worker.run(ThreadPoolExecutor.java:617)
	at org.apache.tomcat.util.threads.TaskThread$WrappingRunnable.run(TaskThread.java:61)
	at java.lang.Thread.run(Thread.java:745)
2017-02-14 16:05:12,148 INFO [restartedMain] cn.hkfdt.xiaot.Application [StartupInfoLogger.java:48] Starting Application on DESKTOP-EJEPIQ1 with PID 10528 (E:\projects\xiaoT\target\classes started by whyse in E:\projects\xiaoT)
2017-02-14 16:05:12,155 INFO [restartedMain] cn.hkfdt.xiaot.Application [SpringApplication.java:665] The following profiles are active: test
2017-02-14 16:05:16,633 INFO [restartedMain] org.apache.catalina.core.StandardService [DirectJDKLog.java:179] Starting service Tomcat
2017-02-14 16:05:16,635 INFO [restartedMain] org.apache.catalina.core.StandardEngine [DirectJDKLog.java:179] Starting Servlet Engine: Apache Tomcat/8.5.6
2017-02-14 16:05:16,887 INFO [localhost-startStop-1] o.a.c.core.ContainerBase.[Tomcat].[localhost].[/] [DirectJDKLog.java:179] Initializing Spring embedded WebApplicationContext
2017-02-14 16:05:25,646 INFO [restartedMain] cn.hkfdt.xiaot.Application [StartupInfoLogger.java:57] Started Application in 14.777 seconds (JVM running for 15.86)
2017-02-14 16:05:25,648 INFO [restartedMain] cn.hkfdt.xiaot.Application [Application.java:32] ============= SpringBoot Start Success =============
2017-02-14 16:05:53,158 INFO [http-nio-8080-exec-1] o.a.c.core.ContainerBase.[Tomcat].[localhost].[/] [DirectJDKLog.java:179] Initializing Spring FrameworkServlet 'dispatcherServlet'
